<?xml version="1.0" encoding="UTF-8"?>
<!-- Generated by org.testng.reporters.JUnitXMLReporter -->
<testsuite hostname="Makszim" failures="0" tests="1" name="Validating navigation Bar" time="0.003" errors="0" timestamp="8 Jun 2022 11:23:27 GMT">
  <testcase classname="Academy.validateNavigationBar" name="@BeforeTest initialize" time="0.0">
    <failure type="java.io.FileNotFoundException" message="C:\Users\rahul\E2EProject\src\main\java\resources\data.properties (No such file or directory)">
      <![CDATA[java.io.FileNotFoundException: C:\Users\rahul\E2EProject\src\main\java\resources\data.properties (No such file or directory)
	at java.base/java.io.FileInputStream.open0(Native Method)
	at java.base/java.io.FileInputStream.open(FileInputStream.java:216)
	at java.base/java.io.FileInputStream.<init>(FileInputStream.java:157)
	at java.base/java.io.FileInputStream.<init>(FileInputStream.java:111)
	at resources.base.initializeDriver(base.java:25)
	at Academy.validateNavigationBar.initialize(validateNavigationBar.java:30)
... Removed 20 stack frames]]>
    </failure>
  </testcase> <!-- @BeforeTest initialize -->
  <testcase classname="Academy.validateNavigationBar" name="@AfterTest teardown" time="0.0">
    <skipped/>
  </testcase> <!-- @AfterTest teardown -->
  <testcase classname="Academy.validateNavigationBar" name="validateAppNavBar" time="0.001">
    <skipped/>
  </testcase> <!-- validateAppNavBar -->
</testsuite> <!-- Validating navigation Bar -->
